Determining if the C compiler works failed with the following output:
Change Dir: E:/00000_杂物间/learnC++CodeTest/test0/cmake-build-debug/CMakeFiles/CMakeTmp

Run Build Command:"C:/PROGRA~2/MINGW-~1/I686-8~1.0-P/mingw32/bin/mingw32-make.exe" "cmTC_f0087/fast"
C:/PROGRA~2/MINGW-~1/I686-8~1.0-P/mingw32/bin/mingw32-make.exe -f CMakeFiles\cmTC_f0087.dir\build.make CMakeFiles/cmTC_f0087.dir/build
mingw32-make.exe[1]: Entering directory 'E:/00000_杂物间/learnC++CodeTest/test0/cmake-build-debug/CMakeFiles/CMakeTmp'
Building C object CMakeFiles/cmTC_f0087.dir/testCCompiler.c.obj
C:\PROGRA~2\MINGW-~1\I686-8~1.0-P\mingw32\bin\gcc.exe    -o CMakeFiles\cmTC_f0087.dir\testCCompiler.c.obj   -c E:\00000_鏉傜墿闂碶learnC++CodeTest\test0\cmake-build-debug\CMakeFiles\CMakeTmp\testCCompiler.c
gcc.exe: error: E:\00000_鏉傜墿闂碶learnC++CodeTest\test0\cmake-build-debug\CMakeFiles\CMakeTmp\testCCompiler.c: No such file or directory
gcc.exe: fatal error: no input files
compilation terminated.
mingw32-make.exe[1]: *** [CMakeFiles\cmTC_f0087.dir\build.make:65: CMakeFiles/cmTC_f0087.dir/testCCompiler.c.obj] Error 1
mingw32-make.exe[1]: Leaving directory 'E:/00000_杂物间/learnC++CodeTest/test0/cmake-build-debug/CMakeFiles/CMakeTmp'
mingw32-make.exe: *** [Makefile:120: cmTC_f0087/fast] Error 2


